Build started 12/9/2015 2:53:07 AM.
     1>Project "C:\Users\fady\Desktop\FadyFares\tinyLangParser\tinyLangParser\tinyLangParser.vcxproj" on node 2 (build target(s)).
     1>InitializeBuildStatus:
         Creating "Debug\tinyLangParser.unsuccessfulbuild" because "AlwaysCreate" was specified.
       ClCompile:
         d:\visual studio\VC\bin\CL.exe /c /ZI /nologo /W3 /WX- /Od /Oy- /D WIN32 /D _DEBUG /D _CONSOLE /D _UNICODE /D UNICODE /Gm /EHsc /RTC1 /MDd /GS /fp:precise /Zc:wchar_t /Zc:forScope /Fo"Debug\\" /Fd"Debug\vc100.pdb" /Gd /TC /analyze- /errorReport:prompt main.c parser.c
         parser.c
     1>c:\users\fady\desktop\fadyfares\tinylangparser\tinylangparser\parser.c(12): warning C4996: 'fopen': This function or variable may be unsafe. Consider using fopen_s instead. To disable deprecation, use _CRT_SECURE_NO_WARNINGS. See online help for details.
                 d:\visual studio\vc\include\stdio.h(234) : see declaration of 'fopen'
     1>c:\users\fady\desktop\fadyfares\tinylangparser\tinylangparser\parser.c(53): warning C4996: 'fopen': This function or variable may be unsafe. Consider using fopen_s instead. To disable deprecation, use _CRT_SECURE_NO_WARNINGS. See online help for details.
                 d:\visual studio\vc\include\stdio.h(234) : see declaration of 'fopen'
     1>c:\users\fady\desktop\fadyfares\tinylangparser\tinylangparser\parser.c(60): warning C4996: 'fopen': This function or variable may be unsafe. Consider using fopen_s instead. To disable deprecation, use _CRT_SECURE_NO_WARNINGS. See online help for details.
                 d:\visual studio\vc\include\stdio.h(234) : see declaration of 'fopen'
     1>c:\users\fady\desktop\fadyfares\tinylangparser\tinylangparser\parser.c(100): warning C4996: 'fopen': This function or variable may be unsafe. Consider using fopen_s instead. To disable deprecation, use _CRT_SECURE_NO_WARNINGS. See online help for details.
                 d:\visual studio\vc\include\stdio.h(234) : see declaration of 'fopen'
     1>c:\users\fady\desktop\fadyfares\tinylangparser\tinylangparser\parser.c(111): warning C4996: 'fopen': This function or variable may be unsafe. Consider using fopen_s instead. To disable deprecation, use _CRT_SECURE_NO_WARNINGS. See online help for details.
                 d:\visual studio\vc\include\stdio.h(234) : see declaration of 'fopen'
     1>c:\users\fady\desktop\fadyfares\tinylangparser\tinylangparser\parser.c(120): warning C4996: 'fopen': This function or variable may be unsafe. Consider using fopen_s instead. To disable deprecation, use _CRT_SECURE_NO_WARNINGS. See online help for details.
                 d:\visual studio\vc\include\stdio.h(234) : see declaration of 'fopen'
     1>c:\users\fady\desktop\fadyfares\tinylangparser\tinylangparser\parser.c(128): warning C4996: 'fopen': This function or variable may be unsafe. Consider using fopen_s instead. To disable deprecation, use _CRT_SECURE_NO_WARNINGS. See online help for details.
                 d:\visual studio\vc\include\stdio.h(234) : see declaration of 'fopen'
     1>c:\users\fady\desktop\fadyfares\tinylangparser\tinylangparser\parser.c(137): warning C4996: 'fopen': This function or variable may be unsafe. Consider using fopen_s instead. To disable deprecation, use _CRT_SECURE_NO_WARNINGS. See online help for details.
                 d:\visual studio\vc\include\stdio.h(234) : see declaration of 'fopen'
     1>c:\users\fady\desktop\fadyfares\tinylangparser\tinylangparser\parser.c(161): warning C4996: 'fopen': This function or variable may be unsafe. Consider using fopen_s instead. To disable deprecation, use _CRT_SECURE_NO_WARNINGS. See online help for details.
                 d:\visual studio\vc\include\stdio.h(234) : see declaration of 'fopen'
     1>c:\users\fady\desktop\fadyfares\tinylangparser\tinylangparser\parser.c(180): warning C4996: 'fopen': This function or variable may be unsafe. Consider using fopen_s instead. To disable deprecation, use _CRT_SECURE_NO_WARNINGS. See online help for details.
                 d:\visual studio\vc\include\stdio.h(234) : see declaration of 'fopen'
     1>c:\users\fady\desktop\fadyfares\tinylangparser\tinylangparser\parser.c(187): warning C4996: 'fopen': This function or variable may be unsafe. Consider using fopen_s instead. To disable deprecation, use _CRT_SECURE_NO_WARNINGS. See online help for details.
                 d:\visual studio\vc\include\stdio.h(234) : see declaration of 'fopen'
     1>c:\users\fady\desktop\fadyfares\tinylangparser\tinylangparser\parser.c(208): warning C4996: 'fopen': This function or variable may be unsafe. Consider using fopen_s instead. To disable deprecation, use _CRT_SECURE_NO_WARNINGS. See online help for details.
                 d:\visual studio\vc\include\stdio.h(234) : see declaration of 'fopen'
     1>c:\users\fady\desktop\fadyfares\tinylangparser\tinylangparser\parser.c(215): warning C4996: 'fopen': This function or variable may be unsafe. Consider using fopen_s instead. To disable deprecation, use _CRT_SECURE_NO_WARNINGS. See online help for details.
                 d:\visual studio\vc\include\stdio.h(234) : see declaration of 'fopen'
         main.c
         Generating Code...
       ManifestResourceCompile:
         All outputs are up-to-date.
       Link:
         d:\visual studio\VC\bin\link.exe /ERRORREPORT:PROMPT /OUT:"C:\Users\fady\Desktop\FadyFares\tinyLangParser\Debug\tinyLangParser.exe" /INCREMENTAL /NOLOGO kernel32.lib user32.lib gdi32.lib winspool.lib comdlg32.lib advapi32.lib shell32.lib ole32.lib oleaut32.lib uuid.lib odbc32.lib odbccp32.lib /MANIFEST /ManifestFile:"Debug\tinyLangParser.exe.intermediate.manifest" /MANIFESTUAC:"level='asInvoker' uiAccess='false'" /DEBUG /PDB:"C:\Users\fady\Desktop\FadyFares\tinyLangParser\Debug\tinyLangParser.pdb" /SUBSYSTEM:CONSOLE /TLBID:1 /DYNAMICBASE /NXCOMPAT /IMPLIB:"C:\Users\fady\Desktop\FadyFares\tinyLangParser\Debug\tinyLangParser.lib" /MACHINE:X86 Debug\tinyLangParser.exe.embed.manifest.res
         Debug\main.obj
         Debug\parser.obj
       Manifest:
         C:\Program Files (x86)\Microsoft SDKs\Windows\v7.0A\bin\mt.exe /nologo /verbose /out:"Debug\tinyLangParser.exe.embed.manifest" /manifest Debug\tinyLangParser.exe.intermediate.manifest
         All outputs are up-to-date.
       LinkEmbedManifest:
         All outputs are up-to-date.
         tinyLangParser.vcxproj -> C:\Users\fady\Desktop\FadyFares\tinyLangParser\Debug\tinyLangParser.exe
       FinalizeBuildStatus:
         Deleting file "Debug\tinyLangParser.unsuccessfulbuild".
         Touching "Debug\tinyLangParser.lastbuildstate".
     1>Done Building Project "C:\Users\fady\Desktop\FadyFares\tinyLangParser\tinyLangParser\tinyLangParser.vcxproj" (build target(s)).

Build succeeded.

Time Elapsed 00:00:01.14
