Build started 12/9/2015 2:33:21 AM.
     1>Project "D:\vs projects\tinyLangParser\tinyLangScanner\tinyLangScanner\tinyLangScanner.vcxproj" on node 2 (build target(s)).
     1>InitializeBuildStatus:
         Creating "Debug\tinyLangScanner.unsuccessfulbuild" because "AlwaysCreate" was specified.
       ClCompile:
         d:\visual studio\VC\bin\CL.exe /c /ZI /nologo /W3 /WX- /Od /Oy- /D WIN32 /D _DEBUG /D _CONSOLE /D _UNICODE /D UNICODE /Gm /EHsc /RTC1 /MDd /GS /fp:precise /Zc:wchar_t /Zc:forScope /Fo"Debug\\" /Fd"Debug\vc100.pdb" /Gd /TC /analyze- /errorReport:prompt main.c scanner.c
         scanner.c
     1>d:\vs projects\tinylangparser\tinylangscanner\tinylangscanner\scanner.c(43): warning C4996: 'fopen': This function or variable may be unsafe. Consider using fopen_s instead. To disable deprecation, use _CRT_SECURE_NO_WARNINGS. See online help for details.
                 d:\visual studio\vc\include\stdio.h(234) : see declaration of 'fopen'
     1>d:\vs projects\tinylangparser\tinylangscanner\tinylangscanner\scanner.c(59): warning C4028: formal parameter 1 different from declaration
     1>d:\vs projects\tinylangparser\tinylangscanner\tinylangscanner\scanner.c(176): warning C4996: 'strcpy': This function or variable may be unsafe. Consider using strcpy_s instead. To disable deprecation, use _CRT_SECURE_NO_WARNINGS. See online help for details.
                 d:\visual studio\vc\include\string.h(105) : see declaration of 'strcpy'
     1>d:\vs projects\tinylangparser\tinylangscanner\tinylangscanner\scanner.c(182): warning C4996: 'fopen': This function or variable may be unsafe. Consider using fopen_s instead. To disable deprecation, use _CRT_SECURE_NO_WARNINGS. See online help for details.
                 d:\visual studio\vc\include\stdio.h(234) : see declaration of 'fopen'
     1>d:\vs projects\tinylangparser\tinylangscanner\tinylangscanner\scanner.c(196): warning C4996: 'fopen': This function or variable may be unsafe. Consider using fopen_s instead. To disable deprecation, use _CRT_SECURE_NO_WARNINGS. See online help for details.
                 d:\visual studio\vc\include\stdio.h(234) : see declaration of 'fopen'
     1>d:\vs projects\tinylangparser\tinylangscanner\tinylangscanner\scanner.c(210): warning C4996: 'fopen': This function or variable may be unsafe. Consider using fopen_s instead. To disable deprecation, use _CRT_SECURE_NO_WARNINGS. See online help for details.
                 d:\visual studio\vc\include\stdio.h(234) : see declaration of 'fopen'
     1>d:\vs projects\tinylangparser\tinylangscanner\tinylangscanner\scanner.c(223): warning C4996: 'fopen': This function or variable may be unsafe. Consider using fopen_s instead. To disable deprecation, use _CRT_SECURE_NO_WARNINGS. See online help for details.
                 d:\visual studio\vc\include\stdio.h(234) : see declaration of 'fopen'
         main.c
         Generating Code...
       ManifestResourceCompile:
         All outputs are up-to-date.
       Link:
         d:\visual studio\VC\bin\link.exe /ERRORREPORT:PROMPT /OUT:"D:\vs projects\tinyLangParser\tinyLangScanner\Debug\tinyLangScanner.exe" /INCREMENTAL /NOLOGO kernel32.lib user32.lib gdi32.lib winspool.lib comdlg32.lib advapi32.lib shell32.lib ole32.lib oleaut32.lib uuid.lib odbc32.lib odbccp32.lib /MANIFEST /ManifestFile:"Debug\tinyLangScanner.exe.intermediate.manifest" /MANIFESTUAC:"level='asInvoker' uiAccess='false'" /DEBUG /PDB:"D:\vs projects\tinyLangParser\tinyLangScanner\Debug\tinyLangScanner.pdb" /SUBSYSTEM:CONSOLE /TLBID:1 /DYNAMICBASE /NXCOMPAT /IMPLIB:"D:\vs projects\tinyLangParser\tinyLangScanner\Debug\tinyLangScanner.lib" /MACHINE:X86 Debug\tinyLangScanner.exe.embed.manifest.res
         Debug\main.obj
         Debug\scanner.obj
       Manifest:
         C:\Program Files (x86)\Microsoft SDKs\Windows\v7.0A\bin\mt.exe /nologo /verbose /out:"Debug\tinyLangScanner.exe.embed.manifest" /manifest Debug\tinyLangScanner.exe.intermediate.manifest
         All outputs are up-to-date.
       LinkEmbedManifest:
         All outputs are up-to-date.
         tinyLangScanner.vcxproj -> D:\vs projects\tinyLangParser\tinyLangScanner\Debug\tinyLangScanner.exe
       FinalizeBuildStatus:
         Deleting file "Debug\tinyLangScanner.unsuccessfulbuild".
         Touching "Debug\tinyLangScanner.lastbuildstate".
     1>Done Building Project "D:\vs projects\tinyLangParser\tinyLangScanner\tinyLangScanner\tinyLangScanner.vcxproj" (build target(s)).

Build succeeded.

Time Elapsed 00:00:00.75
